app/build/intermediates/manifest_merge_blame_file/debug/manifest-merger-blame-debug-report.txt
1<?xml version="1.0" encoding="utf-8"?>
2<manifest xmlns:android="http://schemas.android.com/apk/res/android"
3    package="com.example.joeimageapp"
4    android:versionCode="1"
5    android:versionName="1.0" >
6
7    <uses-sdk
8        android:minSdkVersion="23"
8-->src\main\AndroidManifest.xml
9        android:targetSdkVersion="29" />
9-->src\main\AndroidManifest.xml
10
11    <uses-permission android:name="android.permission.INTERNET" />
11-->src\main\AndroidManifest.xml:6:5-66
11-->src\main\AndroidManifest.xml:6:22-64
12
13    <application
13-->src\main\AndroidManifest.xml:8:5-39:19
14        android:allowBackup="true"
14-->src\main\AndroidManifest.xml:9:9-35
15        android:appComponentFactory="androidx.core.app.CoreComponentFactory"
15-->[androidx.core:core:1.1.0] AndroidManifest.xml:24:18-86
16        android:debuggable="true"
17        android:icon="@mipmap/ic_launcher"
17-->src\main\AndroidManifest.xml:10:9-43
18        android:label="@string/app_name"
18-->src\main\AndroidManifest.xml:11:9-41
19        android:roundIcon="@mipmap/ic_launcher_round"
19-->src\main\AndroidManifest.xml:12:9-54
20        android:supportsRtl="true"
20-->src\main\AndroidManifest.xml:13:9-35
21        android:theme="@style/AppTheme" >
21-->src\main\AndroidManifest.xml:14:9-40
22        <meta-data
22-->src\main\AndroidManifest.xml:16:9-107
23            android:name="com.facebook.sdk.ApplicationId"
23-->src\main\AndroidManifest.xml:16:20-65
24            android:value="@string/facebook_app_id" />
24-->src\main\AndroidManifest.xml:16:66-105
25
26        <activity
26-->src\main\AndroidManifest.xml:17:9-184
27            android:name="com.facebook.FacebookActivity"
27-->src\main\AndroidManifest.xml:17:19-63
28            android:configChanges="keyboard|keyboardHidden|screenLayout|screenSize|orientation"
28-->src\main\AndroidManifest.xml:17:64-148
29            android:label="@string/app_name"
29-->src\main\AndroidManifest.xml:17:149-181
30            android:theme="@style/com_facebook_activity_theme" />
30-->[com.facebook.android:facebook-common:4.42.0] AndroidManifest.xml:32:13-63
31        <activity
31-->src\main\AndroidManifest.xml:18:9-24:20
32            android:name="com.facebook.CustomTabActivity"
32-->src\main\AndroidManifest.xml:18:19-64
33            android:exported="true" >
33-->src\main\AndroidManifest.xml:18:65-88
34            <intent-filter>
34-->src\main\AndroidManifest.xml:19:13-23:29
35                <action android:name="android.intent.action.VIEW" />
35-->src\main\AndroidManifest.xml:19:29-81
35-->src\main\AndroidManifest.xml:19:37-78
36
37                <category android:name="android.intent.category.DEFAULT" />
37-->src\main\AndroidManifest.xml:20:17-76
37-->src\main\AndroidManifest.xml:20:27-73
38                <category android:name="android.intent.category.BROWSABLE" />
38-->src\main\AndroidManifest.xml:21:17-78
38-->src\main\AndroidManifest.xml:21:27-75
39
40                <data android:scheme="@string/fb_login_protocol_scheme" />
40-->src\main\AndroidManifest.xml:22:17-75
40-->src\main\AndroidManifest.xml:22:23-72
41            </intent-filter>
42        </activity>
43        <activity android:name="com.example.joeimageapp.ResultActivity" />
43-->src\main\AndroidManifest.xml:27:9-61
43-->src\main\AndroidManifest.xml:27:19-49
44        <activity android:name="com.example.joeimageapp.ForgotPasswordActivity" />
44-->src\main\AndroidManifest.xml:28:9-60
44-->src\main\AndroidManifest.xml:28:19-57
45        <activity android:name="com.example.joeimageapp.RegisterActivity" />
45-->src\main\AndroidManifest.xml:29:9-54
45-->src\main\AndroidManifest.xml:29:19-51
46        <activity android:name="com.example.joeimageapp.LoginActivity" />
46-->src\main\AndroidManifest.xml:30:9-51
46-->src\main\AndroidManifest.xml:30:19-48
47        <activity android:name="com.example.joeimageapp.MainActivity" />
47-->src\main\AndroidManifest.xml:31:9-50
47-->src\main\AndroidManifest.xml:31:19-47
48        <activity android:name="com.example.joeimageapp.SplashScreenActivity" >
48-->src\main\AndroidManifest.xml:32:9-38:20
48-->src\main\AndroidManifest.xml:32:19-55
49            <intent-filter>
49-->src\main\AndroidManifest.xml:33:13-37:29
50                <action android:name="android.intent.action.MAIN" />
50-->src\main\AndroidManifest.xml:34:17-69
50-->src\main\AndroidManifest.xml:34:25-66
51
52                <category android:name="android.intent.category.LAUNCHER" />
52-->src\main\AndroidManifest.xml:36:17-77
52-->src\main\AndroidManifest.xml:36:27-74
53            </intent-filter>
54        </activity>
55        <activity android:name="com.facebook.CustomTabMainActivity" />
55-->[com.facebook.android:facebook-common:4.42.0] AndroidManifest.xml:33:9-71
55-->[com.facebook.android:facebook-common:4.42.0] AndroidManifest.xml:33:19-68
56        <activity
56-->[com.google.firebase:firebase-auth:19.1.0] AndroidManifest.xml:24:9-31:50
57            android:name="com.google.firebase.auth.internal.FederatedSignInActivity"
57-->[com.google.firebase:firebase-auth:19.1.0] AndroidManifest.xml:25:13-85
58            android:excludeFromRecents="true"
58-->[com.google.firebase:firebase-auth:19.1.0] AndroidManifest.xml:26:13-46
59            android:exported="true"
59-->[com.google.firebase:firebase-auth:19.1.0] AndroidManifest.xml:27:13-36
60            android:launchMode="singleTask"
60-->[com.google.firebase:firebase-auth:19.1.0] AndroidManifest.xml:28:13-44
61            android:permission="com.google.firebase.auth.api.gms.permission.LAUNCH_FEDERATED_SIGN_IN"
61-->[com.google.firebase:firebase-auth:19.1.0] AndroidManifest.xml:29:13-102
62            android:theme="@android:style/Theme.Translucent.NoTitleBar" />
62-->[com.google.firebase:firebase-auth:19.1.0] AndroidManifest.xml:30:13-72
63
64        <service
64-->[com.google.firebase:firebase-auth:19.1.0] AndroidManifest.xml:33:9-39:19
65            android:name="com.google.firebase.components.ComponentDiscoveryService"
65-->[com.google.firebase:firebase-auth:19.1.0] AndroidManifest.xml:34:13-84
66            android:exported="false" >
66-->[com.google.firebase:firebase-auth:19.1.0] AndroidManifest.xml:35:13-37
67            <meta-data
67-->[com.google.firebase:firebase-auth:19.1.0] AndroidManifest.xml:36:13-38:85
68                android:name="com.google.firebase.components:com.google.firebase.auth.FirebaseAuthRegistrar"
68-->[com.google.firebase:firebase-auth:19.1.0] AndroidManifest.xml:37:17-109
69                android:value="com.google.firebase.components.ComponentRegistrar" />
69-->[com.google.firebase:firebase-auth:19.1.0] AndroidManifest.xml:38:17-82
70        </service>
71
72        <activity
72-->[com.google.android.gms:play-services-auth:17.0.0] AndroidManifest.xml:23:9-27:75
73            android:name="com.google.android.gms.auth.api.signin.internal.SignInHubActivity"
73-->[com.google.android.gms:play-services-auth:17.0.0] AndroidManifest.xml:24:13-93
74            android:excludeFromRecents="true"
74-->[com.google.android.gms:play-services-auth:17.0.0] AndroidManifest.xml:25:13-46
75            android:exported="false"
75-->[com.google.android.gms:play-services-auth:17.0.0] AndroidManifest.xml:26:13-37
76            android:theme="@android:style/Theme.Translucent.NoTitleBar" />
76-->[com.google.android.gms:play-services-auth:17.0.0] AndroidManifest.xml:27:13-72
77        <!--
78            Service handling Google Sign-In user revocation. For apps that do not integrate with
79            Google Sign-In, this service will never be started.
80        -->
81        <service
81-->[com.google.android.gms:play-services-auth:17.0.0] AndroidManifest.xml:33:9-36:110
82            android:name="com.google.android.gms.auth.api.signin.RevocationBoundService"
82-->[com.google.android.gms:play-services-auth:17.0.0] AndroidManifest.xml:34:13-89
83            android:exported="true"
83-->[com.google.android.gms:play-services-auth:17.0.0] AndroidManifest.xml:35:13-36
84            android:permission="com.google.android.gms.auth.api.signin.permission.REVOCATION_NOTIFICATION" />
84-->[com.google.android.gms:play-services-auth:17.0.0] AndroidManifest.xml:36:13-107
85
86        <activity
86-->[com.google.android.gms:play-services-base:17.1.0] AndroidManifest.xml:23:9-26:75
87            android:name="com.google.android.gms.common.api.GoogleApiActivity"
87-->[com.google.android.gms:play-services-base:17.1.0] AndroidManifest.xml:24:13-79
88            android:exported="false"
88-->[com.google.android.gms:play-services-base:17.1.0] AndroidManifest.xml:25:13-37
89            android:theme="@android:style/Theme.Translucent.NoTitleBar" />
89-->[com.google.android.gms:play-services-base:17.1.0] AndroidManifest.xml:26:13-72
90
91        <provider
91-->[com.google.firebase:firebase-common:19.0.0] AndroidManifest.xml:12:9-16:39
92            android:name="com.google.firebase.provider.FirebaseInitProvider"
92-->[com.google.firebase:firebase-common:19.0.0] AndroidManifest.xml:13:13-77
93            android:authorities="com.example.joeimageapp.firebaseinitprovider"
93-->[com.google.firebase:firebase-common:19.0.0] AndroidManifest.xml:14:13-72
94            android:exported="false"
94-->[com.google.firebase:firebase-common:19.0.0] AndroidManifest.xml:15:13-37
95            android:initOrder="100" />
95-->[com.google.firebase:firebase-common:19.0.0] AndroidManifest.xml:16:13-36
96
97        <meta-data
97-->[com.google.android.gms:play-services-basement:17.0.0] AndroidManifest.xml:23:9-25:69
98            android:name="com.google.android.gms.version"
98-->[com.google.android.gms:play-services-basement:17.0.0] AndroidManifest.xml:24:13-58
99            android:value="@integer/google_play_services_version" />
99-->[com.google.android.gms:play-services-basement:17.0.0] AndroidManifest.xml:25:13-66
100        <!--
101         The initialization ContentProvider will call FacebookSdk.sdkInitialize automatically
102         with the application context. This config is merged in with the host app's manifest,
103         but there can only be one provider with the same authority activated at any given
104         point; so if the end user has two or more different apps that use Facebook SDK, only the
105         first one will be able to use the provider. To work around this problem, we use the
106         following placeholder in the authority to identify each host application as if it was
107         a completely different provider.
108        -->
109        <provider
109-->[com.facebook.android:facebook-core:4.42.0] AndroidManifest.xml:39:9-42:40
110            android:name="com.facebook.internal.FacebookInitProvider"
110-->[com.facebook.android:facebook-core:4.42.0] AndroidManifest.xml:40:13-70
111            android:authorities="com.example.joeimageapp.FacebookInitProvider"
111-->[com.facebook.android:facebook-core:4.42.0] AndroidManifest.xml:41:13-72
112            android:exported="false" />
112-->[com.facebook.android:facebook-core:4.42.0] AndroidManifest.xml:42:13-37
113
114        <receiver
114-->[com.facebook.android:facebook-core:4.42.0] AndroidManifest.xml:44:9-50:20
115            android:name="com.facebook.CurrentAccessTokenExpirationBroadcastReceiver"
115-->[com.facebook.android:facebook-core:4.42.0] AndroidManifest.xml:45:13-86
116            android:exported="false" >
116-->[com.facebook.android:facebook-core:4.42.0] AndroidManifest.xml:46:13-37
117            <intent-filter>
117-->[com.facebook.android:facebook-core:4.42.0] AndroidManifest.xml:47:13-49:29
118                <action android:name="com.facebook.sdk.ACTION_CURRENT_ACCESS_TOKEN_CHANGED" />
118-->[com.facebook.android:facebook-core:4.42.0] AndroidManifest.xml:48:17-95
118-->[com.facebook.android:facebook-core:4.42.0] AndroidManifest.xml:48:25-92
119            </intent-filter>
120        </receiver>
121    </application>
122
123</manifest>